  Enemy.cpp
  Entity.cpp
  Game.cpp
D:\AMAZER_OOP\AMAZER_OOP\Game.cpp(22,20): warning C4018: '<': signed/unsigned mismatch
D:\AMAZER_OOP\AMAZER_OOP\Game.cpp(79,20): warning C4018: '<': signed/unsigned mismatch
D:\AMAZER_OOP\AMAZER_OOP\Game.cpp(90,20): warning C4018: '<': signed/unsigned mismatch
  Main.cpp
  Player.cpp
D:\AMAZER_OOP\AMAZER_OOP\Player.cpp(19,76): warning C4305: 'argument': truncation from 'double' to 'float'
D:\AMAZER_OOP\AMAZER_OOP\Player.cpp(89,14): warning C4244: 'initializing': conversion from 'float' to 'int', possible loss of data
D:\AMAZER_OOP\AMAZER_OOP\Player.cpp(90,14): warning C4244: 'initializing': conversion from 'float' to 'int', possible loss of data
D:\AMAZER_OOP\AMAZER_OOP\Player.cpp(107,20): warning C4244: '=': conversion from 'float' to 'int', possible loss of data
D:\AMAZER_OOP\AMAZER_OOP\Player.cpp(108,21): warning C4244: '=': conversion from 'float' to 'int', possible loss of data
D:\AMAZER_OOP\AMAZER_OOP\Player.cpp(115,21): warning C4244: '=': conversion from 'float' to 'int', possible loss of data
D:\AMAZER_OOP\AMAZER_OOP\Player.cpp(116,20): warning C4244: '=': conversion from 'float' to 'int', possible loss of data
D:\AMAZER_OOP\AMAZER_OOP\Player.cpp(123,20): warning C4244: '=': conversion from 'float' to 'int', possible loss of data
D:\AMAZER_OOP\AMAZER_OOP\Player.cpp(124,20): warning C4244: '=': conversion from 'float' to 'int', possible loss of data
D:\AMAZER_OOP\AMAZER_OOP\Player.cpp(131,21): warning C4244: '=': conversion from 'float' to 'int', possible loss of data
D:\AMAZER_OOP\AMAZER_OOP\Player.cpp(132,21): warning C4244: '=': conversion from 'float' to 'int', possible loss of data
  Generating Code...
  AMAZER_OOP.vcxproj -> D:\AMAZER_OOP\Debug\AMAZER_OOP.exe
